

Microchip MPLAB XC8 Assembler V2.32 build 20210201212658 
                                                                                               Wed Mar 09 21:52:08 2022

Microchip MPLAB XC8 C Compiler v2.32 (Free license) build 20210201212658 Og1 
     1                           	processor	18F4520
     2                           	fnconf	rparam,??,?,0
     3                           	pagewidth 120
     4                           	opt	flic
     5                           	psect	cinit,global,reloc=2,class=CODE,delta=1
     6                           	psect	cstackCOMRAM,global,class=COMRAM,space=1,delta=1,lowdata,noexec
     7                           	psect	text0,global,reloc=2,class=CODE,delta=1
     8                           	psect	text1,global,reloc=2,class=CODE,delta=1
     9                           	psect	text2,global,reloc=2,class=CODE,delta=1
    10                           	psect	intsave_regs,global,class=BIGRAM,space=1,delta=1,noexec
    11                           	psect	rparam,global,class=COMRAM,space=1,delta=1,noexec
    12                           	psect	idloc,global,abs,ovrld,class=IDLOC,space=5,delta=1,noexec
    13                           	psect	config,global,abs,ovrld,class=CONFIG,space=4,delta=1,noexec
    14  0000                     
    15                           ; Version 2.40
    16                           ; Generated 17/11/2021 GMT
    17                           ; 
    18                           ; Copyright © 2021, Microchip Technology Inc. and its subsidiaries ("Microchip")
    19                           ; All rights reserved.
    20                           ; 
    21                           ; This software is developed by Microchip Technology Inc. and its subsidiaries ("Microch
      +                          ip").
    22                           ; 
    23                           ; Redistribution and use in source and binary forms, with or without modification, are
    24                           ; permitted provided that the following conditions are met:
    25                           ; 
    26                           ;     1. Redistributions of source code must retain the above copyright notice, this lis
      +                          t of
    27                           ;        conditions and the following disclaimer.
    28                           ; 
    29                           ;     2. Redistributions in binary form must reproduce the above copyright notice, this 
      +                          list
    30                           ;        of conditions and the following disclaimer in the documentation and/or other
    31                           ;        materials provided with the distribution. Publication is not required when
    32                           ;        this file is used in an embedded application.
    33                           ; 
    34                           ;     3. Microchip's name may not be used to endorse or promote products derived from th
      +                          is
    35                           ;        software without specific prior written permission.
    36                           ; 
    37                           ; THIS SOFTWARE IS PROVIDED BY MICROCHIP "AS IS" AND ANY EXPRESS OR IMPLIED WARRANTIES,
    38                           ; INCLUDING, BUT NOT LIMITED TO, THE IMPLIED WARRANTIES OF MERCHANTABILITY AND FITNESS F
      +                          OR
    39                           ; PURPOSE ARE DISCLAIMED.  IN NO EVENT SHALL MICROCHIP BE LIABLE FOR ANY DIRECT, INDIREC
      +                          T,
    40                           ; INCIDENTAL, SPECIAL, EXEMPLARY, OR CONSEQUENTIAL DAMAGES (INCLUDING BUT NOT LIMITED TO
    41                           ; PROCUREMENT OF SUBSTITUTE GOODS OR SERVICES; LOSS OF USE, DATA OR PROFITS; OR BUSINESS
    42                           ; INTERRUPTION) HOWSOEVER CAUSED AND ON ANY THEORY OF LIABILITY, WHETHER IN CONTRACT, ST
      +                          RICT
    43                           ; LIABILITY, OR TORT (INCLUDING NEGLIGENCE OR OTHERWISE) ARISING IN ANY WAY OUT OF THE U
      +                          SE OF
    44                           ; THIS SOFTWARE, EVEN IF ADVISED OF THE POSSIBILITY OF SUCH DAMAGE.
    45                           ; 
    46                           ; 
    47                           ; Code-generator required, PIC18F4520 Definitions
    48                           ; 
    49                           ; SFR Addresses
    50  0000                     _PORTDbits	set	3971
    51  0000                     _PORTBbits	set	3969
    52  0000                     _OSCTUNE	set	3995
    53  0000                     _OSCCON	set	4051
    54  0000                     _ADCON1	set	4033
    55  0000                     _PORTD	set	3971
    56  0000                     _TRISD	set	3989
    57  0000                     _TRISB	set	3987
    58                           
    59                           ; #config settings
    60                           
    61                           	psect	cinit
    62  007FBA                     __pcinit:
    63                           	callstack 0
    64  007FBA                     start_initialization:
    65                           	callstack 0
    66  007FBA                     __initialization:
    67                           	callstack 0
    68  007FBA                     end_of_initialization:
    69                           	callstack 0
    70  007FBA                     __end_of__initialization:
    71                           	callstack 0
    72  007FBA  0100               	movlb	0
    73  007FBC  EFED  F03F         	goto	_main	;jump to C main() function
    74                           
    75                           	psect	cstackCOMRAM
    76  000000                     __pcstackCOMRAM:
    77                           	callstack 0
    78  000000                     
    79                           ; 1 bytes @ 0x0
    80 ;;
    81 ;;Main: autosize = 0, tempsize = 0, incstack = 0, save=0
    82 ;;
    83 ;; *************** function _main *****************
    84 ;; Defined at:
    85 ;;		line 80 in file "main_program.c"
    86 ;; Parameters:    Size  Location     Type
    87 ;;		None
    88 ;; Auto vars:     Size  Location     Type
    89 ;;		None
    90 ;; Return value:  Size  Location     Type
    91 ;;                  1    wreg      void 
    92 ;; Registers used:
    93 ;;		wreg, status,2, cstack
    94 ;; Tracked objects:
    95 ;;		On entry : 0/0
    96 ;;		On exit  : 0/0
    97 ;;		Unchanged: 0/0
    98 ;; Data sizes:     COMRAM   BANK0   BANK1   BANK2   BANK3   BANK4   BANK5
    99 ;;      Params:         0       0       0       0       0       0       0
   100 ;;      Locals:         0       0       0       0       0       0       0
   101 ;;      Temps:          0       0       0       0       0       0       0
   102 ;;      Totals:         0       0       0       0       0       0       0
   103 ;;Total ram usage:        0 bytes
   104 ;; Hardware stack levels required when called: 1
   105 ;; This function calls:
   106 ;;		_config_IO
   107 ;;		_config_OSC
   108 ;; This function is called by:
   109 ;;		Startup code after reset
   110 ;; This function uses a non-reentrant model
   111 ;;
   112                           
   113                           	psect	text0
   114  007FDA                     __ptext0:
   115                           	callstack 0
   116  007FDA                     _main:
   117                           	callstack 30
   118  007FDA                     
   119                           ;main_program.c: 82:     config_OSC();
   120  007FDA  ECE0  F03F         	call	_config_OSC	;wreg free
   121                           
   122                           ;main_program.c: 83:     config_IO();
   123  007FDE  ECE5  F03F         	call	_config_IO	;wreg free
   124  007FE2                     l716:
   125                           
   126                           ;main_program.c: 85:     {;main_program.c: 86:         if(PORTBbits.RB0 == 1)
   127  007FE2  A081               	btfss	129,0,c	;volatile
   128  007FE4  EFF6  F03F         	goto	u11
   129  007FE8  EFF8  F03F         	goto	u10
   130  007FEC                     u11:
   131  007FEC  EFFB  F03F         	goto	l28
   132  007FF0                     u10:
   133  007FF0                     
   134                           ;main_program.c: 87:         {;main_program.c: 88:             PORTDbits.RD1 = 0;
   135  007FF0  9283               	bcf	131,1,c	;volatile
   136                           
   137                           ;main_program.c: 89:         }
   138  007FF2  EFF1  F03F         	goto	l716
   139  007FF6                     l28:
   140                           
   141                           ;main_program.c: 91:         {;main_program.c: 92:             PORTDbits.RD1 = 1;
   142  007FF6  8283               	bsf	131,1,c	;volatile
   143  007FF8  EFF1  F03F         	goto	l716
   144  007FFC  EF00  F000         	goto	start
   145  008000                     __end_of_main:
   146                           	callstack 0
   147                           
   148 ;; *************** function _config_OSC *****************
   149 ;; Defined at:
   150 ;;		line 74 in file "main_program.c"
   151 ;; Parameters:    Size  Location     Type
   152 ;;		None
   153 ;; Auto vars:     Size  Location     Type
   154 ;;		None
   155 ;; Return value:  Size  Location     Type
   156 ;;                  1    wreg      void 
   157 ;; Registers used:
   158 ;;		wreg, status,2
   159 ;; Tracked objects:
   160 ;;		On entry : 0/0
   161 ;;		On exit  : 0/0
   162 ;;		Unchanged: 0/0
   163 ;; Data sizes:     COMRAM   BANK0   BANK1   BANK2   BANK3   BANK4   BANK5
   164 ;;      Params:         0       0       0       0       0       0       0
   165 ;;      Locals:         0       0       0       0       0       0       0
   166 ;;      Temps:          0       0       0       0       0       0       0
   167 ;;      Totals:         0       0       0       0       0       0       0
   168 ;;Total ram usage:        0 bytes
   169 ;; Hardware stack levels used: 1
   170 ;; This function calls:
   171 ;;		Nothing
   172 ;; This function is called by:
   173 ;;		_main
   174 ;; This function uses a non-reentrant model
   175 ;;
   176                           
   177                           	psect	text1
   178  007FC0                     __ptext1:
   179                           	callstack 0
   180  007FC0                     _config_OSC:
   181                           	callstack 30
   182  007FC0                     
   183                           ;main_program.c: 76:     OSCCON = 0X72;
   184  007FC0  0E72               	movlw	114
   185  007FC2  6ED3               	movwf	211,c	;volatile
   186                           
   187                           ;main_program.c: 77:     OSCTUNE = 0X00;
   188  007FC4  0E00               	movlw	0
   189  007FC6  6E9B               	movwf	155,c	;volatile
   190  007FC8  0012               	return		;funcret
   191  007FCA                     __end_of_config_OSC:
   192                           	callstack 0
   193                           
   194 ;; *************** function _config_IO *****************
   195 ;; Defined at:
   196 ;;		line 66 in file "main_program.c"
   197 ;; Parameters:    Size  Location     Type
   198 ;;		None
   199 ;; Auto vars:     Size  Location     Type
   200 ;;		None
   201 ;; Return value:  Size  Location     Type
   202 ;;                  1    wreg      void 
   203 ;; Registers used:
   204 ;;		wreg, status,2
   205 ;; Tracked objects:
   206 ;;		On entry : 0/0
   207 ;;		On exit  : 0/0
   208 ;;		Unchanged: 0/0
   209 ;; Data sizes:     COMRAM   BANK0   BANK1   BANK2   BANK3   BANK4   BANK5
   210 ;;      Params:         0       0       0       0       0       0       0
   211 ;;      Locals:         0       0       0       0       0       0       0
   212 ;;      Temps:          0       0       0       0       0       0       0
   213 ;;      Totals:         0       0       0       0       0       0       0
   214 ;;Total ram usage:        0 bytes
   215 ;; Hardware stack levels used: 1
   216 ;; This function calls:
   217 ;;		Nothing
   218 ;; This function is called by:
   219 ;;		_main
   220 ;; This function uses a non-reentrant model
   221 ;;
   222                           
   223                           	psect	text2
   224  007FCA                     __ptext2:
   225                           	callstack 0
   226  007FCA                     _config_IO:
   227                           	callstack 30
   228  007FCA                     
   229                           ;main_program.c: 68:     TRISB = 0X01;
   230  007FCA  0E01               	movlw	1
   231  007FCC  6E93               	movwf	147,c	;volatile
   232                           
   233                           ;main_program.c: 69:     TRISD = 0X00;
   234  007FCE  0E00               	movlw	0
   235  007FD0  6E95               	movwf	149,c	;volatile
   236  007FD2                     
   237                           ;main_program.c: 70:     PORTD = 0XFF;
   238  007FD2  6883               	setf	131,c	;volatile
   239                           
   240                           ;main_program.c: 71:     ADCON1 = 0X0F;
   241  007FD4  0E0F               	movlw	15
   242  007FD6  6EC1               	movwf	193,c	;volatile
   243  007FD8  0012               	return		;funcret
   244  007FDA                     __end_of_config_IO:
   245                           	callstack 0
   246  0000                     
   247                           	psect	rparam
   248  0000                     
   249                           	psect	idloc
   250                           
   251                           ;Config register IDLOC0 @ 0x200000
   252                           ;	unspecified, using default values
   253  200000                     	org	2097152
   254  200000  FF                 	db	255
   255                           
   256                           ;Config register IDLOC1 @ 0x200001
   257                           ;	unspecified, using default values
   258  200001                     	org	2097153
   259  200001  FF                 	db	255
   260                           
   261                           ;Config register IDLOC2 @ 0x200002
   262                           ;	unspecified, using default values
   263  200002                     	org	2097154
   264  200002  FF                 	db	255
   265                           
   266                           ;Config register IDLOC3 @ 0x200003
   267                           ;	unspecified, using default values
   268  200003                     	org	2097155
   269  200003  FF                 	db	255
   270                           
   271                           ;Config register IDLOC4 @ 0x200004
   272                           ;	unspecified, using default values
   273  200004                     	org	2097156
   274  200004  FF                 	db	255
   275                           
   276                           ;Config register IDLOC5 @ 0x200005
   277                           ;	unspecified, using default values
   278  200005                     	org	2097157
   279  200005  FF                 	db	255
   280                           
   281                           ;Config register IDLOC6 @ 0x200006
   282                           ;	unspecified, using default values
   283  200006                     	org	2097158
   284  200006  FF                 	db	255
   285                           
   286                           ;Config register IDLOC7 @ 0x200007
   287                           ;	unspecified, using default values
   288  200007                     	org	2097159
   289  200007  FF                 	db	255
   290                           
   291                           	psect	config
   292                           
   293                           ; Padding undefined space
   294  300000                     	org	3145728
   295  300000  FF                 	db	255
   296                           
   297                           ;Config register CONFIG1H @ 0x300001
   298                           ;	Oscillator Selection bits
   299                           ;	OSC = INTIO67, Internal oscillator block, port function on RA6 and RA7
   300                           ;	Fail-Safe Clock Monitor Enable bit
   301                           ;	FCMEN = OFF, Fail-Safe Clock Monitor disabled
   302                           ;	Internal/External Oscillator Switchover bit
   303                           ;	IESO = OFF, Oscillator Switchover mode disabled
   304  300001                     	org	3145729
   305  300001  08                 	db	8
   306                           
   307                           ;Config register CONFIG2L @ 0x300002
   308                           ;	Power-up Timer Enable bit
   309                           ;	PWRT = OFF, PWRT disabled
   310                           ;	Brown-out Reset Enable bits
   311                           ;	BOREN = OFF, Brown-out Reset disabled in hardware and software
   312                           ;	Brown Out Reset Voltage bits
   313                           ;	BORV = 3, Minimum setting
   314  300002                     	org	3145730
   315  300002  19                 	db	25
   316                           
   317                           ;Config register CONFIG2H @ 0x300003
   318                           ;	Watchdog Timer Enable bit
   319                           ;	WDT = OFF, WDT disabled (control is placed on the SWDTEN bit)
   320                           ;	Watchdog Timer Postscale Select bits
   321                           ;	WDTPS = 32768, 1:32768
   322  300003                     	org	3145731
   323  300003  1E                 	db	30
   324                           
   325                           ; Padding undefined space
   326  300004                     	org	3145732
   327  300004  FF                 	db	255
   328                           
   329                           ;Config register CONFIG3H @ 0x300005
   330                           ;	CCP2 MUX bit
   331                           ;	CCP2MX = PORTC, CCP2 input/output is multiplexed with RC1
   332                           ;	PORTB A/D Enable bit
   333                           ;	PBADEN = OFF, PORTB<4:0> pins are configured as digital I/O on Reset
   334                           ;	Low-Power Timer1 Oscillator Enable bit
   335                           ;	LPT1OSC = OFF, Timer1 configured for higher power operation
   336                           ;	MCLR Pin Enable bit
   337                           ;	MCLRE = ON, MCLR pin enabled; RE3 input pin disabled
   338  300005                     	org	3145733
   339  300005  81                 	db	129
   340                           
   341                           ;Config register CONFIG4L @ 0x300006
   342                           ;	Stack Full/Underflow Reset Enable bit
   343                           ;	STVREN = ON, Stack full/underflow will cause Reset
   344                           ;	Single-Supply ICSP Enable bit
   345                           ;	LVP = OFF, Single-Supply ICSP disabled
   346                           ;	Extended Instruction Set Enable bit
   347                           ;	XINST = OFF, Instruction set extension and Indexed Addressing mode disabled (Legacy mo
      +                          de)
   348                           ;	Background Debugger Enable bit
   349                           ;	DEBUG = 0x1, unprogrammed default
   350  300006                     	org	3145734
   351  300006  81                 	db	129
   352                           
   353                           ; Padding undefined space
   354  300007                     	org	3145735
   355  300007  FF                 	db	255
   356                           
   357                           ;Config register CONFIG5L @ 0x300008
   358                           ;	Code Protection bit
   359                           ;	CP0 = OFF, Block 0 (000800-001FFFh) not code-protected
   360                           ;	Code Protection bit
   361                           ;	CP1 = OFF, Block 1 (002000-003FFFh) not code-protected
   362                           ;	Code Protection bit
   363                           ;	CP2 = OFF, Block 2 (004000-005FFFh) not code-protected
   364                           ;	Code Protection bit
   365                           ;	CP3 = OFF, Block 3 (006000-007FFFh) not code-protected
   366  300008                     	org	3145736
   367  300008  0F                 	db	15
   368                           
   369                           ;Config register CONFIG5H @ 0x300009
   370                           ;	Boot Block Code Protection bit
   371                           ;	CPB = OFF, Boot block (000000-0007FFh) not code-protected
   372                           ;	Data EEPROM Code Protection bit
   373                           ;	CPD = OFF, Data EEPROM not code-protected
   374  300009                     	org	3145737
   375  300009  C0                 	db	192
   376                           
   377                           ;Config register CONFIG6L @ 0x30000A
   378                           ;	Write Protection bit
   379                           ;	WRT0 = OFF, Block 0 (000800-001FFFh) not write-protected
   380                           ;	Write Protection bit
   381                           ;	WRT1 = OFF, Block 1 (002000-003FFFh) not write-protected
   382                           ;	Write Protection bit
   383                           ;	WRT2 = OFF, Block 2 (004000-005FFFh) not write-protected
   384                           ;	Write Protection bit
   385                           ;	WRT3 = OFF, Block 3 (006000-007FFFh) not write-protected
   386  30000A                     	org	3145738
   387  30000A  0F                 	db	15
   388                           
   389                           ;Config register CONFIG6H @ 0x30000B
   390                           ;	Configuration Register Write Protection bit
   391                           ;	WRTC = OFF, Configuration registers (300000-3000FFh) not write-protected
   392                           ;	Boot Block Write Protection bit
   393                           ;	WRTB = OFF, Boot block (000000-0007FFh) not write-protected
   394                           ;	Data EEPROM Write Protection bit
   395                           ;	WRTD = OFF, Data EEPROM not write-protected
   396  30000B                     	org	3145739
   397  30000B  E0                 	db	224
   398                           
   399                           ;Config register CONFIG7L @ 0x30000C
   400                           ;	Table Read Protection bit
   401                           ;	EBTR0 = OFF, Block 0 (000800-001FFFh) not protected from table reads executed in other
      +                           blocks
   402                           ;	Table Read Protection bit
   403                           ;	EBTR1 = OFF, Block 1 (002000-003FFFh) not protected from table reads executed in other
      +                           blocks
   404                           ;	Table Read Protection bit
   405                           ;	EBTR2 = OFF, Block 2 (004000-005FFFh) not protected from table reads executed in other
      +                           blocks
   406                           ;	Table Read Protection bit
   407                           ;	EBTR3 = OFF, Block 3 (006000-007FFFh) not protected from table reads executed in other
      +                           blocks
   408  30000C                     	org	3145740
   409  30000C  0F                 	db	15
   410                           
   411                           ;Config register CONFIG7H @ 0x30000D
   412                           ;	Boot Block Table Read Protection bit
   413                           ;	EBTRB = OFF, Boot block (000000-0007FFh) not protected from table reads executed in ot
      +                          her blocks
   414  30000D                     	org	3145741
   415  30000D  40                 	db	64
   416                           tosu	equ	0xFFF
   417                           tosh	equ	0xFFE
   418                           tosl	equ	0xFFD
   419                           stkptr	equ	0xFFC
   420                           pclatu	equ	0xFFB
   421                           pclath	equ	0xFFA
   422                           pcl	equ	0xFF9
   423                           tblptru	equ	0xFF8
   424                           tblptrh	equ	0xFF7
   425                           tblptrl	equ	0xFF6
   426                           tablat	equ	0xFF5
   427                           prodh	equ	0xFF4
   428                           prodl	equ	0xFF3
   429                           indf0	equ	0xFEF
   430                           postinc0	equ	0xFEE
   431                           postdec0	equ	0xFED
   432                           preinc0	equ	0xFEC
   433                           plusw0	equ	0xFEB
   434                           fsr0h	equ	0xFEA
   435                           fsr0l	equ	0xFE9
   436                           wreg	equ	0xFE8
   437                           indf1	equ	0xFE7
   438                           postinc1	equ	0xFE6
   439                           postdec1	equ	0xFE5
   440                           preinc1	equ	0xFE4
   441                           plusw1	equ	0xFE3
   442                           fsr1h	equ	0xFE2
   443                           fsr1l	equ	0xFE1
   444                           bsr	equ	0xFE0
   445                           indf2	equ	0xFDF
   446                           postinc2	equ	0xFDE
   447                           postdec2	equ	0xFDD
   448                           preinc2	equ	0xFDC
   449                           plusw2	equ	0xFDB
   450                           fsr2h	equ	0xFDA
   451                           fsr2l	equ	0xFD9
   452                           status	equ	0xFD8

Data Sizes:
    Strings     0
    Constant    0
    Data        0
    BSS         0
    Persistent  0
    Stack       0

Auto Spaces:
    Space          Size  Autos    Used
    COMRAM          127      0       0
    BANK0           128      0       0
    BANK1           256      0       0
    BANK2           256      0       0
    BANK3           256      0       0
    BANK4           256      0       0
    BANK5           256      0       0

Pointer List with Targets:

    None.

Critical Paths under _main in COMRAM

    None.

Critical Paths under _main in BANK0

    None.

Critical Paths under _main in BANK1

    None.

Critical Paths under _main in BANK2

    None.

Critical Paths under _main in BANK3

    None.

Critical Paths under _main in BANK4

    None.

Critical Paths under _main in BANK5

    None.

Call Graph Tables:

 ---------------------------------------------------------------------------------
 (Depth) Function   	        Calls       Base Space   Used Autos Params    Refs
 ---------------------------------------------------------------------------------
 (0) _main                                                 0     0      0       0
                          _config_IO
                         _config_OSC
 ---------------------------------------------------------------------------------
 (1) _config_OSC                                           0     0      0       0
 ---------------------------------------------------------------------------------
 (1) _config_IO                                            0     0      0       0
 ---------------------------------------------------------------------------------
 Estimated maximum stack depth 1
 ---------------------------------------------------------------------------------

 Call Graph Graphs:

 _main (ROOT)
   _config_IO
   _config_OSC

 Address spaces:
Name               Size   Autos  Total    Cost      Usage
BITCOMRAM           7F      0       0       0        0.0%
EEDATA             100      0       0       0        0.0%
NULL                 0      0       0       0        0.0%
CODE                 0      0       0       0        0.0%
COMRAM              7F      0       0       1        0.0%
STACK                0      0       0       2        0.0%
DATA                 0      0       0       3        0.0%
BITBANK0            80      0       0       4        0.0%
BANK0               80      0       0       5        0.0%
BITBANK1           100      0       0       6        0.0%
BANK1              100      0       0       7        0.0%
BITBANK2           100      0       0       8        0.0%
BANK2              100      0       0       9        0.0%
BITBANK3           100      0       0      10        0.0%
BANK3              100      0       0      11        0.0%
BITBANK4           100      0       0      12        0.0%
BANK4              100      0       0      13        0.0%
BANK5              100      0       0      14        0.0%
ABS                  0      0       0      15        0.0%
BITBANK5           100      0       0      16        0.0%
BIGRAM             5FF      0       0      17        0.0%
BITSFR               0      0       0     200        0.0%
SFR                  0      0       0     200        0.0%


Microchip Technology PIC18 Macro Assembler V2.32 build 20210201212658 
Symbol Table                                                                                   Wed Mar 09 21:52:08 2022

                     l22 7FC8                       l19 7FD8                       l28 7FF6  
                     u10 7FF0                       u11 7FEC                      l710 7FD2  
                    l712 7FC0                      l714 7FDA                      l708 7FCA  
                    l716 7FE2                      l718 7FF0                     _main 7FDA  
                   start 0000             ___param_bank 000000                    ?_main 0000  
                  _PORTD 000F83                    _TRISB 000F93                    _TRISD 000F95  
        __initialization 7FBA             __end_of_main 8000                   ??_main 0000  
          __activetblptr 000000                   _ADCON1 000FC1                   _OSCCON 000FD3  
                 isa$std 000001               __accesstop 0080  __end_of__initialization 7FBA  
          ___rparam_used 000001           __pcstackCOMRAM 0000       __size_of_config_IO 0010  
             _config_OSC 7FC0                  _OSCTUNE 000F9B                  __Hparam 0000  
                __Lparam 0000        __end_of_config_IO 7FDA                  __pcinit 7FBA  
                __ramtop 0600                  __ptext0 7FDA                  __ptext1 7FC0  
                __ptext2 7FCA     end_of_initialization 7FBA                _PORTBbits 000F81  
              _PORTDbits 000F83              ?_config_OSC 0000      start_initialization 7FBA  
    __size_of_config_OSC 000A                _config_IO 7FCA               ?_config_IO 0000  
           ??_config_OSC 0000                 __Hrparam 0000                 __Lrparam 0000  
     __end_of_config_OSC 7FCA            __size_of_main 0026                 isa$xinst 000000  
            ??_config_IO 0000  
