

Microchip MPLAB XC8 Assembler V2.32 build 20210201212658 
                                                                                               Wed Mar 09 21:30:14 2022

Microchip MPLAB XC8 C Compiler v2.32 (Free license) build 20210201212658 Og1 
     1                           	processor	18F4520
     2                           	fnconf	rparam,??,?,0
     3                           	pagewidth 120
     4                           	opt	flic
     5                           	psect	cinit,global,reloc=2,class=CODE,delta=1
     6                           	psect	cstackCOMRAM,global,class=COMRAM,space=1,delta=1,lowdata,noexec
     7                           	psect	text0,global,reloc=2,class=CODE,delta=1
     8                           	psect	text1,global,reloc=2,class=CODE,delta=1
     9                           	psect	text2,global,reloc=2,class=CODE,delta=1
    10                           	psect	intsave_regs,global,class=BIGRAM,space=1,delta=1,noexec
    11                           	psect	rparam,global,class=COMRAM,space=1,delta=1,noexec
    12                           	psect	idloc,global,abs,ovrld,class=IDLOC,space=5,delta=1,noexec
    13                           	psect	config,global,abs,ovrld,class=CONFIG,space=4,delta=1,noexec
    14  0000                     
    15                           ; Version 2.40
    16                           ; Generated 17/11/2021 GMT
    17                           ; 
    18                           ; Copyright © 2021, Microchip Technology Inc. and its subsidiaries ("Microchip")
    19                           ; All rights reserved.
    20                           ; 
    21                           ; This software is developed by Microchip Technology Inc. and its subsidiaries ("Microch
      +                          ip").
    22                           ; 
    23                           ; Redistribution and use in source and binary forms, with or without modification, are
    24                           ; permitted provided that the following conditions are met:
    25                           ; 
    26                           ;     1. Redistributions of source code must retain the above copyright notice, this lis
      +                          t of
    27                           ;        conditions and the following disclaimer.
    28                           ; 
    29                           ;     2. Redistributions in binary form must reproduce the above copyright notice, this 
      +                          list
    30                           ;        of conditions and the following disclaimer in the documentation and/or other
    31                           ;        materials provided with the distribution. Publication is not required when
    32                           ;        this file is used in an embedded application.
    33                           ; 
    34                           ;     3. Microchip's name may not be used to endorse or promote products derived from th
      +                          is
    35                           ;        software without specific prior written permission.
    36                           ; 
    37                           ; THIS SOFTWARE IS PROVIDED BY MICROCHIP "AS IS" AND ANY EXPRESS OR IMPLIED WARRANTIES,
    38                           ; INCLUDING, BUT NOT LIMITED TO, THE IMPLIED WARRANTIES OF MERCHANTABILITY AND FITNESS F
      +                          OR
    39                           ; PURPOSE ARE DISCLAIMED.  IN NO EVENT SHALL MICROCHIP BE LIABLE FOR ANY DIRECT, INDIREC
      +                          T,
    40                           ; INCIDENTAL, SPECIAL, EXEMPLARY, OR CONSEQUENTIAL DAMAGES (INCLUDING BUT NOT LIMITED TO
    41                           ; PROCUREMENT OF SUBSTITUTE GOODS OR SERVICES; LOSS OF USE, DATA OR PROFITS; OR BUSINESS
    42                           ; INTERRUPTION) HOWSOEVER CAUSED AND ON ANY THEORY OF LIABILITY, WHETHER IN CONTRACT, ST
      +                          RICT
    43                           ; LIABILITY, OR TORT (INCLUDING NEGLIGENCE OR OTHERWISE) ARISING IN ANY WAY OUT OF THE U
      +                          SE OF
    44                           ; THIS SOFTWARE, EVEN IF ADVISED OF THE POSSIBILITY OF SUCH DAMAGE.
    45                           ; 
    46                           ; 
    47                           ; Code-generator required, PIC18F4520 Definitions
    48                           ; 
    49                           ; SFR Addresses
    50  0000                     _PORTDbits	set	3971
    51  0000                     _PORTBbits	set	3969
    52  0000                     _OSCTUNE	set	3995
    53  0000                     _OSCCON	set	4051
    54  0000                     _ADCON1	set	4033
    55  0000                     _PORTD	set	3971
    56  0000                     _TRISD	set	3989
    57  0000                     _TRISB	set	3987
    58                           
    59                           ; #config settings
    60                           
    61                           	psect	cinit
    62  007F76                     __pcinit:
    63                           	callstack 0
    64  007F76                     start_initialization:
    65                           	callstack 0
    66  007F76                     __initialization:
    67                           	callstack 0
    68  007F76                     end_of_initialization:
    69                           	callstack 0
    70  007F76                     __end_of__initialization:
    71                           	callstack 0
    72  007F76  0100               	movlb	0
    73  007F78  EFCC  F03F         	goto	_main	;jump to C main() function
    74                           
    75                           	psect	cstackCOMRAM
    76  000000                     __pcstackCOMRAM:
    77                           	callstack 0
    78  000000                     
    79                           ; 1 bytes @ 0x0
    80 ;;
    81 ;;Main: autosize = 0, tempsize = 0, incstack = 0, save=0
    82 ;;
    83 ;; *************** function _main *****************
    84 ;; Defined at:
    85 ;;		line 85 in file "main_program.c"
    86 ;; Parameters:    Size  Location     Type
    87 ;;		None
    88 ;; Auto vars:     Size  Location     Type
    89 ;;		None
    90 ;; Return value:  Size  Location     Type
    91 ;;                  1    wreg      void 
    92 ;; Registers used:
    93 ;;		wreg, status,2, cstack
    94 ;; Tracked objects:
    95 ;;		On entry : 0/0
    96 ;;		On exit  : 0/0
    97 ;;		Unchanged: 0/0
    98 ;; Data sizes:     COMRAM   BANK0   BANK1   BANK2   BANK3   BANK4   BANK5
    99 ;;      Params:         0       0       0       0       0       0       0
   100 ;;      Locals:         0       0       0       0       0       0       0
   101 ;;      Temps:          0       0       0       0       0       0       0
   102 ;;      Totals:         0       0       0       0       0       0       0
   103 ;;Total ram usage:        0 bytes
   104 ;; Hardware stack levels required when called: 1
   105 ;; This function calls:
   106 ;;		_config_IO
   107 ;;		_config_OSC
   108 ;; This function is called by:
   109 ;;		Startup code after reset
   110 ;; This function uses a non-reentrant model
   111 ;;
   112                           
   113                           	psect	text0
   114  007F98                     __ptext0:
   115                           	callstack 0
   116  007F98                     _main:
   117                           	callstack 30
   118  007F98                     
   119                           ;main_program.c: 87:     config_OSC();
   120  007F98  ECBE  F03F         	call	_config_OSC	;wreg free
   121                           
   122                           ;main_program.c: 88:     config_IO();
   123  007F9C  ECC3  F03F         	call	_config_IO	;wreg free
   124  007FA0                     l716:
   125                           
   126                           ;main_program.c: 90:     {;main_program.c: 91:         if(PORTBbits.RB0 == 0 && PORTBbit
      +                          s.RB1 == 1)
   127  007FA0  B081               	btfsc	129,0,c	;volatile
   128  007FA2  EFD5  F03F         	goto	u11
   129  007FA6  EFD7  F03F         	goto	u10
   130  007FAA                     u11:
   131  007FAA  EFE4  F03F         	goto	l28
   132  007FAE                     u10:
   133  007FAE  A281               	btfss	129,1,c	;volatile
   134  007FB0  EFDC  F03F         	goto	u21
   135  007FB4  EFDE  F03F         	goto	u20
   136  007FB8                     u21:
   137  007FB8  EFE4  F03F         	goto	l28
   138  007FBC                     u20:
   139  007FBC                     
   140                           ;main_program.c: 92:         {;main_program.c: 93:             PORTDbits.RD0 = 1;
   141  007FBC  8083               	bsf	131,0,c	;volatile
   142                           
   143                           ;main_program.c: 94:             PORTDbits.RD1 = 0;
   144  007FBE  9283               	bcf	131,1,c	;volatile
   145                           
   146                           ;main_program.c: 95:             PORTDbits.RD2 = 1;
   147  007FC0  8483               	bsf	131,2,c	;volatile
   148                           
   149                           ;main_program.c: 96:             PORTDbits.RD3 = 0;
   150  007FC2  9683               	bcf	131,3,c	;volatile
   151                           
   152                           ;main_program.c: 97:         }
   153  007FC4  EFD0  F03F         	goto	l716
   154  007FC8                     l28:
   155  007FC8  A081               	btfss	129,0,c	;volatile
   156  007FCA  EFE9  F03F         	goto	u31
   157  007FCE  EFEB  F03F         	goto	u30
   158  007FD2                     u31:
   159  007FD2  EFF8  F03F         	goto	l30
   160  007FD6                     u30:
   161  007FD6  B281               	btfsc	129,1,c	;volatile
   162  007FD8  EFF0  F03F         	goto	u41
   163  007FDC  EFF2  F03F         	goto	u40
   164  007FE0                     u41:
   165  007FE0  EFF8  F03F         	goto	l30
   166  007FE4                     u40:
   167  007FE4                     
   168                           ;main_program.c: 99:         {;main_program.c: 100:             PORTDbits.RD0 = 0;
   169  007FE4  9083               	bcf	131,0,c	;volatile
   170                           
   171                           ;main_program.c: 101:             PORTDbits.RD1 = 1;
   172  007FE6  8283               	bsf	131,1,c	;volatile
   173                           
   174                           ;main_program.c: 102:             PORTDbits.RD2 = 0;
   175  007FE8  9483               	bcf	131,2,c	;volatile
   176                           
   177                           ;main_program.c: 103:             PORTDbits.RD3 = 1;
   178  007FEA  8683               	bsf	131,3,c	;volatile
   179                           
   180                           ;main_program.c: 104:         }
   181  007FEC  EFD0  F03F         	goto	l716
   182  007FF0                     l30:
   183                           
   184                           ;main_program.c: 106:         {;main_program.c: 107:             PORTDbits.RD0 = 0;
   185  007FF0  9083               	bcf	131,0,c	;volatile
   186                           
   187                           ;main_program.c: 108:             PORTDbits.RD1 = 0;
   188  007FF2  9283               	bcf	131,1,c	;volatile
   189                           
   190                           ;main_program.c: 109:             PORTDbits.RD2 = 0;
   191  007FF4  9483               	bcf	131,2,c	;volatile
   192                           
   193                           ;main_program.c: 110:             PORTDbits.RD3 = 0;
   194  007FF6  9683               	bcf	131,3,c	;volatile
   195  007FF8  EFD0  F03F         	goto	l716
   196  007FFC  EF00  F000         	goto	start
   197  008000                     __end_of_main:
   198                           	callstack 0
   199                           
   200 ;; *************** function _config_OSC *****************
   201 ;; Defined at:
   202 ;;		line 79 in file "main_program.c"
   203 ;; Parameters:    Size  Location     Type
   204 ;;		None
   205 ;; Auto vars:     Size  Location     Type
   206 ;;		None
   207 ;; Return value:  Size  Location     Type
   208 ;;                  1    wreg      void 
   209 ;; Registers used:
   210 ;;		wreg, status,2
   211 ;; Tracked objects:
   212 ;;		On entry : 0/0
   213 ;;		On exit  : 0/0
   214 ;;		Unchanged: 0/0
   215 ;; Data sizes:     COMRAM   BANK0   BANK1   BANK2   BANK3   BANK4   BANK5
   216 ;;      Params:         0       0       0       0       0       0       0
   217 ;;      Locals:         0       0       0       0       0       0       0
   218 ;;      Temps:          0       0       0       0       0       0       0
   219 ;;      Totals:         0       0       0       0       0       0       0
   220 ;;Total ram usage:        0 bytes
   221 ;; Hardware stack levels used: 1
   222 ;; This function calls:
   223 ;;		Nothing
   224 ;; This function is called by:
   225 ;;		_main
   226 ;; This function uses a non-reentrant model
   227 ;;
   228                           
   229                           	psect	text1
   230  007F7C                     __ptext1:
   231                           	callstack 0
   232  007F7C                     _config_OSC:
   233                           	callstack 30
   234  007F7C                     
   235                           ;main_program.c: 81:     OSCCON = 0X00;
   236  007F7C  0E00               	movlw	0
   237  007F7E  6ED3               	movwf	211,c	;volatile
   238                           
   239                           ;main_program.c: 82:     OSCTUNE = 0X00;
   240  007F80  0E00               	movlw	0
   241  007F82  6E9B               	movwf	155,c	;volatile
   242  007F84  0012               	return		;funcret
   243  007F86                     __end_of_config_OSC:
   244                           	callstack 0
   245                           
   246 ;; *************** function _config_IO *****************
   247 ;; Defined at:
   248 ;;		line 71 in file "main_program.c"
   249 ;; Parameters:    Size  Location     Type
   250 ;;		None
   251 ;; Auto vars:     Size  Location     Type
   252 ;;		None
   253 ;; Return value:  Size  Location     Type
   254 ;;                  1    wreg      void 
   255 ;; Registers used:
   256 ;;		wreg, status,2
   257 ;; Tracked objects:
   258 ;;		On entry : 0/0
   259 ;;		On exit  : 0/0
   260 ;;		Unchanged: 0/0
   261 ;; Data sizes:     COMRAM   BANK0   BANK1   BANK2   BANK3   BANK4   BANK5
   262 ;;      Params:         0       0       0       0       0       0       0
   263 ;;      Locals:         0       0       0       0       0       0       0
   264 ;;      Temps:          0       0       0       0       0       0       0
   265 ;;      Totals:         0       0       0       0       0       0       0
   266 ;;Total ram usage:        0 bytes
   267 ;; Hardware stack levels used: 1
   268 ;; This function calls:
   269 ;;		Nothing
   270 ;; This function is called by:
   271 ;;		_main
   272 ;; This function uses a non-reentrant model
   273 ;;
   274                           
   275                           	psect	text2
   276  007F86                     __ptext2:
   277                           	callstack 0
   278  007F86                     _config_IO:
   279                           	callstack 30
   280  007F86                     
   281                           ;main_program.c: 73:     TRISB = 0X03;
   282  007F86  0E03               	movlw	3
   283  007F88  6E93               	movwf	147,c	;volatile
   284                           
   285                           ;main_program.c: 74:     TRISD = 0X00;
   286  007F8A  0E00               	movlw	0
   287  007F8C  6E95               	movwf	149,c	;volatile
   288                           
   289                           ;main_program.c: 75:     PORTD = 0X00;
   290  007F8E  0E00               	movlw	0
   291  007F90  6E83               	movwf	131,c	;volatile
   292                           
   293                           ;main_program.c: 76:     ADCON1 = 0X0F;
   294  007F92  0E0F               	movlw	15
   295  007F94  6EC1               	movwf	193,c	;volatile
   296  007F96  0012               	return		;funcret
   297  007F98                     __end_of_config_IO:
   298                           	callstack 0
   299  0000                     
   300                           	psect	rparam
   301  0000                     
   302                           	psect	idloc
   303                           
   304                           ;Config register IDLOC0 @ 0x200000
   305                           ;	unspecified, using default values
   306  200000                     	org	2097152
   307  200000  FF                 	db	255
   308                           
   309                           ;Config register IDLOC1 @ 0x200001
   310                           ;	unspecified, using default values
   311  200001                     	org	2097153
   312  200001  FF                 	db	255
   313                           
   314                           ;Config register IDLOC2 @ 0x200002
   315                           ;	unspecified, using default values
   316  200002                     	org	2097154
   317  200002  FF                 	db	255
   318                           
   319                           ;Config register IDLOC3 @ 0x200003
   320                           ;	unspecified, using default values
   321  200003                     	org	2097155
   322  200003  FF                 	db	255
   323                           
   324                           ;Config register IDLOC4 @ 0x200004
   325                           ;	unspecified, using default values
   326  200004                     	org	2097156
   327  200004  FF                 	db	255
   328                           
   329                           ;Config register IDLOC5 @ 0x200005
   330                           ;	unspecified, using default values
   331  200005                     	org	2097157
   332  200005  FF                 	db	255
   333                           
   334                           ;Config register IDLOC6 @ 0x200006
   335                           ;	unspecified, using default values
   336  200006                     	org	2097158
   337  200006  FF                 	db	255
   338                           
   339                           ;Config register IDLOC7 @ 0x200007
   340                           ;	unspecified, using default values
   341  200007                     	org	2097159
   342  200007  FF                 	db	255
   343                           
   344                           	psect	config
   345                           
   346                           ; Padding undefined space
   347  300000                     	org	3145728
   348  300000  FF                 	db	255
   349                           
   350                           ;Config register CONFIG1H @ 0x300001
   351                           ;	Oscillator Selection bits
   352                           ;	OSC = HS, HS oscillator
   353                           ;	Fail-Safe Clock Monitor Enable bit
   354                           ;	FCMEN = OFF, Fail-Safe Clock Monitor disabled
   355                           ;	Internal/External Oscillator Switchover bit
   356                           ;	IESO = OFF, Oscillator Switchover mode disabled
   357  300001                     	org	3145729
   358  300001  02                 	db	2
   359                           
   360                           ;Config register CONFIG2L @ 0x300002
   361                           ;	Power-up Timer Enable bit
   362                           ;	PWRT = OFF, PWRT disabled
   363                           ;	Brown-out Reset Enable bits
   364                           ;	BOREN = OFF, Brown-out Reset disabled in hardware and software
   365                           ;	Brown Out Reset Voltage bits
   366                           ;	BORV = 3, Minimum setting
   367  300002                     	org	3145730
   368  300002  19                 	db	25
   369                           
   370                           ;Config register CONFIG2H @ 0x300003
   371                           ;	Watchdog Timer Enable bit
   372                           ;	WDT = OFF, WDT disabled (control is placed on the SWDTEN bit)
   373                           ;	Watchdog Timer Postscale Select bits
   374                           ;	WDTPS = 32768, 1:32768
   375  300003                     	org	3145731
   376  300003  1E                 	db	30
   377                           
   378                           ; Padding undefined space
   379  300004                     	org	3145732
   380  300004  FF                 	db	255
   381                           
   382                           ;Config register CONFIG3H @ 0x300005
   383                           ;	CCP2 MUX bit
   384                           ;	CCP2MX = PORTC, CCP2 input/output is multiplexed with RC1
   385                           ;	PORTB A/D Enable bit
   386                           ;	PBADEN = OFF, PORTB<4:0> pins are configured as digital I/O on Reset
   387                           ;	Low-Power Timer1 Oscillator Enable bit
   388                           ;	LPT1OSC = OFF, Timer1 configured for higher power operation
   389                           ;	MCLR Pin Enable bit
   390                           ;	MCLRE = ON, MCLR pin enabled; RE3 input pin disabled
   391  300005                     	org	3145733
   392  300005  81                 	db	129
   393                           
   394                           ;Config register CONFIG4L @ 0x300006
   395                           ;	Stack Full/Underflow Reset Enable bit
   396                           ;	STVREN = ON, Stack full/underflow will cause Reset
   397                           ;	Single-Supply ICSP Enable bit
   398                           ;	LVP = OFF, Single-Supply ICSP disabled
   399                           ;	Extended Instruction Set Enable bit
   400                           ;	XINST = OFF, Instruction set extension and Indexed Addressing mode disabled (Legacy mo
      +                          de)
   401                           ;	Background Debugger Enable bit
   402                           ;	DEBUG = 0x1, unprogrammed default
   403  300006                     	org	3145734
   404  300006  81                 	db	129
   405                           
   406                           ; Padding undefined space
   407  300007                     	org	3145735
   408  300007  FF                 	db	255
   409                           
   410                           ;Config register CONFIG5L @ 0x300008
   411                           ;	Code Protection bit
   412                           ;	CP0 = OFF, Block 0 (000800-001FFFh) not code-protected
   413                           ;	Code Protection bit
   414                           ;	CP1 = OFF, Block 1 (002000-003FFFh) not code-protected
   415                           ;	Code Protection bit
   416                           ;	CP2 = OFF, Block 2 (004000-005FFFh) not code-protected
   417                           ;	Code Protection bit
   418                           ;	CP3 = OFF, Block 3 (006000-007FFFh) not code-protected
   419  300008                     	org	3145736
   420  300008  0F                 	db	15
   421                           
   422                           ;Config register CONFIG5H @ 0x300009
   423                           ;	Boot Block Code Protection bit
   424                           ;	CPB = OFF, Boot block (000000-0007FFh) not code-protected
   425                           ;	Data EEPROM Code Protection bit
   426                           ;	CPD = OFF, Data EEPROM not code-protected
   427  300009                     	org	3145737
   428  300009  C0                 	db	192
   429                           
   430                           ;Config register CONFIG6L @ 0x30000A
   431                           ;	Write Protection bit
   432                           ;	WRT0 = OFF, Block 0 (000800-001FFFh) not write-protected
   433                           ;	Write Protection bit
   434                           ;	WRT1 = OFF, Block 1 (002000-003FFFh) not write-protected
   435                           ;	Write Protection bit
   436                           ;	WRT2 = OFF, Block 2 (004000-005FFFh) not write-protected
   437                           ;	Write Protection bit
   438                           ;	WRT3 = OFF, Block 3 (006000-007FFFh) not write-protected
   439  30000A                     	org	3145738
   440  30000A  0F                 	db	15
   441                           
   442                           ;Config register CONFIG6H @ 0x30000B
   443                           ;	Configuration Register Write Protection bit
   444                           ;	WRTC = OFF, Configuration registers (300000-3000FFh) not write-protected
   445                           ;	Boot Block Write Protection bit
   446                           ;	WRTB = OFF, Boot block (000000-0007FFh) not write-protected
   447                           ;	Data EEPROM Write Protection bit
   448                           ;	WRTD = OFF, Data EEPROM not write-protected
   449  30000B                     	org	3145739
   450  30000B  E0                 	db	224
   451                           
   452                           ;Config register CONFIG7L @ 0x30000C
   453                           ;	Table Read Protection bit
   454                           ;	EBTR0 = OFF, Block 0 (000800-001FFFh) not protected from table reads executed in other
      +                           blocks
   455                           ;	Table Read Protection bit
   456                           ;	EBTR1 = OFF, Block 1 (002000-003FFFh) not protected from table reads executed in other
      +                           blocks
   457                           ;	Table Read Protection bit
   458                           ;	EBTR2 = OFF, Block 2 (004000-005FFFh) not protected from table reads executed in other
      +                           blocks
   459                           ;	Table Read Protection bit
   460                           ;	EBTR3 = OFF, Block 3 (006000-007FFFh) not protected from table reads executed in other
      +                           blocks
   461  30000C                     	org	3145740
   462  30000C  0F                 	db	15
   463                           
   464                           ;Config register CONFIG7H @ 0x30000D
   465                           ;	Boot Block Table Read Protection bit
   466                           ;	EBTRB = OFF, Boot block (000000-0007FFh) not protected from table reads executed in ot
      +                          her blocks
   467  30000D                     	org	3145741
   468  30000D  40                 	db	64
   469                           tosu	equ	0xFFF
   470                           tosh	equ	0xFFE
   471                           tosl	equ	0xFFD
   472                           stkptr	equ	0xFFC
   473                           pclatu	equ	0xFFB
   474                           pclath	equ	0xFFA
   475                           pcl	equ	0xFF9
   476                           tblptru	equ	0xFF8
   477                           tblptrh	equ	0xFF7
   478                           tblptrl	equ	0xFF6
   479                           tablat	equ	0xFF5
   480                           prodh	equ	0xFF4
   481                           prodl	equ	0xFF3
   482                           indf0	equ	0xFEF
   483                           postinc0	equ	0xFEE
   484                           postdec0	equ	0xFED
   485                           preinc0	equ	0xFEC
   486                           plusw0	equ	0xFEB
   487                           fsr0h	equ	0xFEA
   488                           fsr0l	equ	0xFE9
   489                           wreg	equ	0xFE8
   490                           indf1	equ	0xFE7
   491                           postinc1	equ	0xFE6
   492                           postdec1	equ	0xFE5
   493                           preinc1	equ	0xFE4
   494                           plusw1	equ	0xFE3
   495                           fsr1h	equ	0xFE2
   496                           fsr1l	equ	0xFE1
   497                           bsr	equ	0xFE0
   498                           indf2	equ	0xFDF
   499                           postinc2	equ	0xFDE
   500                           postdec2	equ	0xFDD
   501                           preinc2	equ	0xFDC
   502                           plusw2	equ	0xFDB
   503                           fsr2h	equ	0xFDA
   504                           fsr2l	equ	0xFD9
   505                           status	equ	0xFD8

Data Sizes:
    Strings     0
    Constant    0
    Data        0
    BSS         0
    Persistent  0
    Stack       0

Auto Spaces:
    Space          Size  Autos    Used
    COMRAM          127      0       0
    BANK0           128      0       0
    BANK1           256      0       0
    BANK2           256      0       0
    BANK3           256      0       0
    BANK4           256      0       0
    BANK5           256      0       0

Pointer List with Targets:

    None.

Critical Paths under _main in COMRAM

    None.

Critical Paths under _main in BANK0

    None.

Critical Paths under _main in BANK1

    None.

Critical Paths under _main in BANK2

    None.

Critical Paths under _main in BANK3

    None.

Critical Paths under _main in BANK4

    None.

Critical Paths under _main in BANK5

    None.

Call Graph Tables:

 ---------------------------------------------------------------------------------
 (Depth) Function   	        Calls       Base Space   Used Autos Params    Refs
 ---------------------------------------------------------------------------------
 (0) _main                                                 0     0      0       0
                          _config_IO
                         _config_OSC
 ---------------------------------------------------------------------------------
 (1) _config_OSC                                           0     0      0       0
 ---------------------------------------------------------------------------------
 (1) _config_IO                                            0     0      0       0
 ---------------------------------------------------------------------------------
 Estimated maximum stack depth 1
 ---------------------------------------------------------------------------------

 Call Graph Graphs:

 _main (ROOT)
   _config_IO
   _config_OSC

 Address spaces:
Name               Size   Autos  Total    Cost      Usage
BITCOMRAM           7F      0       0       0        0.0%
EEDATA             100      0       0       0        0.0%
NULL                 0      0       0       0        0.0%
CODE                 0      0       0       0        0.0%
COMRAM              7F      0       0       1        0.0%
STACK                0      0       0       2        0.0%
DATA                 0      0       0       3        0.0%
BITBANK0            80      0       0       4        0.0%
BANK0               80      0       0       5        0.0%
BITBANK1           100      0       0       6        0.0%
BANK1              100      0       0       7        0.0%
BITBANK2           100      0       0       8        0.0%
BANK2              100      0       0       9        0.0%
BITBANK3           100      0       0      10        0.0%
BANK3              100      0       0      11        0.0%
BITBANK4           100      0       0      12        0.0%
BANK4              100      0       0      13        0.0%
BANK5              100      0       0      14        0.0%
ABS                  0      0       0      15        0.0%
BITBANK5           100      0       0      16        0.0%
BIGRAM             5FF      0       0      17        0.0%
BITSFR               0      0       0     200        0.0%
SFR                  0      0       0     200        0.0%


Microchip Technology PIC18 Macro Assembler V2.32 build 20210201212658 
Symbol Table                                                                                   Wed Mar 09 21:30:14 2022

                     l22 7F84                       l30 7FF0                       l19 7F96  
                     l28 7FC8                       u10 7FAE                       u11 7FAA  
                     u20 7FBC                       u21 7FB8                       u30 7FD6  
                     u31 7FD2                       u40 7FE4                       u41 7FE0  
                    l710 7F86                      l712 7F7C                      l720 7FBC  
                    l722 7FD6                      l714 7F98                      l724 7FE4  
                    l716 7FA0                      l718 7FAE                     _main 7F98  
                   start 0000             ___param_bank 000000                    ?_main 0000  
                  _PORTD 000F83                    _TRISB 000F93                    _TRISD 000F95  
        __initialization 7F76             __end_of_main 8000                   ??_main 0000  
          __activetblptr 000000                   _ADCON1 000FC1                   _OSCCON 000FD3  
                 isa$std 000001               __accesstop 0080  __end_of__initialization 7F76  
          ___rparam_used 000001           __pcstackCOMRAM 0000       __size_of_config_IO 0012  
             _config_OSC 7F7C                  _OSCTUNE 000F9B                  __Hparam 0000  
                __Lparam 0000        __end_of_config_IO 7F98                  __pcinit 7F76  
                __ramtop 0600                  __ptext0 7F98                  __ptext1 7F7C  
                __ptext2 7F86     end_of_initialization 7F76                _PORTBbits 000F81  
              _PORTDbits 000F83              ?_config_OSC 0000      start_initialization 7F76  
    __size_of_config_OSC 000A                _config_IO 7F86               ?_config_IO 0000  
           ??_config_OSC 0000                 __Hrparam 0000                 __Lrparam 0000  
     __end_of_config_OSC 7F86            __size_of_main 0068                 isa$xinst 000000  
            ??_config_IO 0000  
