

Microchip MPLAB XC8 Assembler V2.32 build 20210201212658 
                                                                                               Mon Mar 21 21:44:31 2022

Microchip MPLAB XC8 C Compiler v2.32 (Free license) build 20210201212658 Og1 
     1                           	processor	18F4520
     2                           	fnconf	rparam,??,?,0
     3                           	pagewidth 120
     4                           	opt	flic
     5                           	psect	nvCOMRAM,global,class=COMRAM,space=1,delta=1,lowdata,noexec
     6                           	psect	cinit,global,reloc=2,class=CODE,delta=1
     7                           	psect	cstackCOMRAM,global,class=COMRAM,space=1,delta=1,lowdata,noexec
     8                           	psect	text0,global,reloc=2,class=CODE,delta=1
     9                           	psect	text1,global,reloc=2,class=CODE,delta=1
    10                           	psect	text2,global,reloc=2,class=CODE,delta=1
    11                           	psect	intsave_regs,global,class=BIGRAM,space=1,delta=1,noexec
    12                           	psect	rparam,global,class=COMRAM,space=1,delta=1,noexec
    13                           	psect	idloc,global,abs,ovrld,class=IDLOC,space=5,delta=1,noexec
    14                           	psect	config,global,abs,ovrld,class=CONFIG,space=4,delta=1,noexec
    15  0000                     
    16                           ; Version 2.40
    17                           ; Generated 17/11/2021 GMT
    18                           ; 
    19                           ; Copyright © 2021, Microchip Technology Inc. and its subsidiaries ("Microchip")
    20                           ; All rights reserved.
    21                           ; 
    22                           ; This software is developed by Microchip Technology Inc. and its subsidiaries ("Microch
      +                          ip").
    23                           ; 
    24                           ; Redistribution and use in source and binary forms, with or without modification, are
    25                           ; permitted provided that the following conditions are met:
    26                           ; 
    27                           ;     1. Redistributions of source code must retain the above copyright notice, this lis
      +                          t of
    28                           ;        conditions and the following disclaimer.
    29                           ; 
    30                           ;     2. Redistributions in binary form must reproduce the above copyright notice, this 
      +                          list
    31                           ;        of conditions and the following disclaimer in the documentation and/or other
    32                           ;        materials provided with the distribution. Publication is not required when
    33                           ;        this file is used in an embedded application.
    34                           ; 
    35                           ;     3. Microchip's name may not be used to endorse or promote products derived from th
      +                          is
    36                           ;        software without specific prior written permission.
    37                           ; 
    38                           ; THIS SOFTWARE IS PROVIDED BY MICROCHIP "AS IS" AND ANY EXPRESS OR IMPLIED WARRANTIES,
    39                           ; INCLUDING, BUT NOT LIMITED TO, THE IMPLIED WARRANTIES OF MERCHANTABILITY AND FITNESS F
      +                          OR
    40                           ; PURPOSE ARE DISCLAIMED.  IN NO EVENT SHALL MICROCHIP BE LIABLE FOR ANY DIRECT, INDIREC
      +                          T,
    41                           ; INCIDENTAL, SPECIAL, EXEMPLARY, OR CONSEQUENTIAL DAMAGES (INCLUDING BUT NOT LIMITED TO
    42                           ; PROCUREMENT OF SUBSTITUTE GOODS OR SERVICES; LOSS OF USE, DATA OR PROFITS; OR BUSINESS
    43                           ; INTERRUPTION) HOWSOEVER CAUSED AND ON ANY THEORY OF LIABILITY, WHETHER IN CONTRACT, ST
      +                          RICT
    44                           ; LIABILITY, OR TORT (INCLUDING NEGLIGENCE OR OTHERWISE) ARISING IN ANY WAY OUT OF THE U
      +                          SE OF
    45                           ; THIS SOFTWARE, EVEN IF ADVISED OF THE POSSIBILITY OF SUCH DAMAGE.
    46                           ; 
    47                           ; 
    48                           ; Code-generator required, PIC18F4520 Definitions
    49                           ; 
    50                           ; SFR Addresses
    51  0000                     
    52                           	psect	nvCOMRAM
    53  000001                     __pnvCOMRAM:
    54                           	callstack 0
    55  000001                     _SensorValue:
    56                           	callstack 0
    57  000001                     	ds	2
    58  0000                     _PORTCbits	set	3970
    59  0000                     _PORTB	set	3969
    60  0000                     _ADCON1	set	4033
    61  0000                     _PORTC	set	3970
    62  0000                     _TRISC	set	3988
    63  0000                     _TRISB	set	3987
    64  0000                     _OSCTUNE	set	3995
    65  0000                     _OSCCON	set	4051
    66                           
    67                           ; #config settings
    68                           
    69                           	psect	cinit
    70  007F42                     __pcinit:
    71                           	callstack 0
    72  007F42                     start_initialization:
    73                           	callstack 0
    74  007F42                     __initialization:
    75                           	callstack 0
    76  007F42                     end_of_initialization:
    77                           	callstack 0
    78  007F42                     __end_of__initialization:
    79                           	callstack 0
    80  007F42  0E00               	movlw	low (__Lmediumconst shr (0+16))
    81  007F44  6EF8               	movwf	tblptru,c
    82  007F46  0100               	movlb	0
    83  007F48  EFAF  F03F         	goto	_main	;jump to C main() function
    84                           
    85                           	psect	cstackCOMRAM
    86  000003                     __pcstackCOMRAM:
    87                           	callstack 0
    88  000003                     ??_main:
    89                           
    90                           ; 1 bytes @ 0x0
    91  000003                     	ds	2
    92                           
    93 ;;
    94 ;;Main: autosize = 0, tempsize = 2, incstack = 0, save=0
    95 ;;
    96 ;; *************** function _main *****************
    97 ;; Defined at:
    98 ;;		line 85 in file "Tank_Control_main.c"
    99 ;; Parameters:    Size  Location     Type
   100 ;;		None
   101 ;; Auto vars:     Size  Location     Type
   102 ;;		None
   103 ;; Return value:  Size  Location     Type
   104 ;;                  1    wreg      void 
   105 ;; Registers used:
   106 ;;		wreg, status,2, status,0, cstack
   107 ;; Tracked objects:
   108 ;;		On entry : 0/0
   109 ;;		On exit  : 0/0
   110 ;;		Unchanged: 0/0
   111 ;; Data sizes:     COMRAM   BANK0   BANK1   BANK2   BANK3   BANK4   BANK5
   112 ;;      Params:         0       0       0       0       0       0       0
   113 ;;      Locals:         0       0       0       0       0       0       0
   114 ;;      Temps:          2       0       0       0       0       0       0
   115 ;;      Totals:         2       0       0       0       0       0       0
   116 ;;Total ram usage:        2 bytes
   117 ;; Hardware stack levels required when called: 1
   118 ;; This function calls:
   119 ;;		_config_IO
   120 ;;		_config_OSC
   121 ;; This function is called by:
   122 ;;		Startup code after reset
   123 ;; This function uses a non-reentrant model
   124 ;;
   125                           
   126                           	psect	text0
   127  007F5E                     __ptext0:
   128                           	callstack 0
   129  007F5E                     _main:
   130                           	callstack 30
   131  007F5E                     
   132                           ;Tank_Control_main.c: 87:     config_OSC();
   133  007F5E  EC9C  F03F         	call	_config_OSC	;wreg free
   134                           
   135                           ;Tank_Control_main.c: 88:     config_IO();
   136  007F62  ECA6  F03F         	call	_config_IO	;wreg free
   137  007F66                     l721:
   138                           
   139                           ;Tank_Control_main.c: 90:     {;Tank_Control_main.c: 91:         SensorValue = PORTB;
   140  007F66  CF81 F001          	movff	3969,_SensorValue	;volatile
   141  007F6A  6A02               	clrf	(_SensorValue+1)^0,c
   142                           
   143                           ;Tank_Control_main.c: 92:         switch(SensorValue)
   144  007F6C  EFE0  F03F         	goto	l725
   145  007F70                     l31:
   146                           
   147                           ;Tank_Control_main.c: 95:                 PORTCbits.RC0 = 1;
   148  007F70  8082               	bsf	130,0,c	;volatile
   149                           
   150                           ;Tank_Control_main.c: 96:                 PORTCbits.RC1 = 1;
   151  007F72  8282               	bsf	130,1,c	;volatile
   152                           
   153                           ;Tank_Control_main.c: 97:                 PORTCbits.RC2 = 0;
   154  007F74  9482               	bcf	130,2,c	;volatile
   155                           
   156                           ;Tank_Control_main.c: 98:                 PORTCbits.RC3 = 1;
   157  007F76  8682               	bsf	130,3,c	;volatile
   158                           
   159                           ;Tank_Control_main.c: 99:                 PORTCbits.RC4 = 1;
   160  007F78  8882               	bsf	130,4,c	;volatile
   161                           
   162                           ;Tank_Control_main.c: 100:                 PORTCbits.RC5 = 1;
   163  007F7A  8A82               	bsf	130,5,c	;volatile
   164                           
   165                           ;Tank_Control_main.c: 101:             break;
   166  007F7C  EFB3  F03F         	goto	l721
   167  007F80                     l33:
   168                           
   169                           ;Tank_Control_main.c: 103:                 PORTCbits.RC0 = 1;
   170  007F80  8082               	bsf	130,0,c	;volatile
   171                           
   172                           ;Tank_Control_main.c: 104:                 PORTCbits.RC1 = 1;
   173  007F82  8282               	bsf	130,1,c	;volatile
   174                           
   175                           ;Tank_Control_main.c: 105:                 PORTCbits.RC2 = 0;
   176  007F84  9482               	bcf	130,2,c	;volatile
   177                           
   178                           ;Tank_Control_main.c: 106:                 PORTCbits.RC3 = 1;
   179  007F86  8682               	bsf	130,3,c	;volatile
   180                           
   181                           ;Tank_Control_main.c: 107:                 PORTCbits.RC4 = 0;
   182  007F88  9882               	bcf	130,4,c	;volatile
   183                           
   184                           ;Tank_Control_main.c: 108:                 PORTCbits.RC5 = 0;
   185  007F8A  9A82               	bcf	130,5,c	;volatile
   186                           
   187                           ;Tank_Control_main.c: 109:             break;
   188  007F8C  EFB3  F03F         	goto	l721
   189  007F90                     l34:
   190                           
   191                           ;Tank_Control_main.c: 111:                 PORTCbits.RC0 = 1;
   192  007F90  8082               	bsf	130,0,c	;volatile
   193                           
   194                           ;Tank_Control_main.c: 112:                 PORTCbits.RC1 = 1;
   195  007F92  8282               	bsf	130,1,c	;volatile
   196                           
   197                           ;Tank_Control_main.c: 113:                 PORTCbits.RC2 = 1;
   198  007F94  8482               	bsf	130,2,c	;volatile
   199                           
   200                           ;Tank_Control_main.c: 114:                 PORTCbits.RC3 = 0;
   201  007F96  9682               	bcf	130,3,c	;volatile
   202                           
   203                           ;Tank_Control_main.c: 115:                 PORTCbits.RC4 = 1;
   204  007F98  8882               	bsf	130,4,c	;volatile
   205                           
   206                           ;Tank_Control_main.c: 116:                 PORTCbits.RC5 = 0;
   207  007F9A  9A82               	bcf	130,5,c	;volatile
   208                           
   209                           ;Tank_Control_main.c: 117:             break;
   210  007F9C  EFB3  F03F         	goto	l721
   211  007FA0                     l35:
   212                           
   213                           ;Tank_Control_main.c: 119:                 PORTCbits.RC0 = 0;
   214  007FA0  9082               	bcf	130,0,c	;volatile
   215                           
   216                           ;Tank_Control_main.c: 120:                 PORTCbits.RC1 = 0;
   217  007FA2  9282               	bcf	130,1,c	;volatile
   218                           
   219                           ;Tank_Control_main.c: 121:                 PORTCbits.RC2 = 1;
   220  007FA4  8482               	bsf	130,2,c	;volatile
   221                           
   222                           ;Tank_Control_main.c: 122:                 PORTCbits.RC3 = 0;
   223  007FA6  9682               	bcf	130,3,c	;volatile
   224                           
   225                           ;Tank_Control_main.c: 123:                 PORTCbits.RC4 = 0;
   226  007FA8  9882               	bcf	130,4,c	;volatile
   227                           
   228                           ;Tank_Control_main.c: 124:                 PORTCbits.RC5 = 1;
   229  007FAA  8A82               	bsf	130,5,c	;volatile
   230                           
   231                           ;Tank_Control_main.c: 125:             break;
   232  007FAC  EFB3  F03F         	goto	l721
   233  007FB0                     l36:
   234                           
   235                           ;Tank_Control_main.c: 127:                 PORTCbits.RC0 = 0;
   236  007FB0  9082               	bcf	130,0,c	;volatile
   237                           
   238                           ;Tank_Control_main.c: 128:                 PORTCbits.RC1 = 0;
   239  007FB2  9282               	bcf	130,1,c	;volatile
   240                           
   241                           ;Tank_Control_main.c: 129:                 PORTCbits.RC2 = 0;
   242  007FB4  9482               	bcf	130,2,c	;volatile
   243                           
   244                           ;Tank_Control_main.c: 130:                 PORTCbits.RC3 = 1;
   245  007FB6  8682               	bsf	130,3,c	;volatile
   246                           
   247                           ;Tank_Control_main.c: 131:                 PORTCbits.RC4 = 1;
   248  007FB8  8882               	bsf	130,4,c	;volatile
   249                           
   250                           ;Tank_Control_main.c: 132:                 PORTCbits.RC5 = 1;
   251  007FBA  8A82               	bsf	130,5,c	;volatile
   252                           
   253                           ;Tank_Control_main.c: 133:             break;
   254  007FBC  EFB3  F03F         	goto	l721
   255  007FC0                     l725:
   256  007FC0  C001  F003         	movff	_SensorValue,??_main
   257  007FC4  C002  F004         	movff	_SensorValue+1,??_main+1
   258                           
   259                           ; Switch on 2 bytes has been partitioned into a top level switch of size 1, and 1 sub-sw
      +                          itches
   260                           ; Switch size 1, requested type "simple"
   261                           ; Number of cases is 1, Range of values is 0 to 0
   262                           ; switch strategies available:
   263                           ; Name         Instructions Cycles
   264                           ; simple_byte            4     3 (average)
   265                           ;	Chosen strategy is simple_byte
   266  007FC8  5004               	movf	(??_main+1)^0,w,c
   267  007FCA  0A00               	xorlw	0	; case 0
   268  007FCC  B4D8               	btfsc	status,2,c
   269  007FCE  EFEB  F03F         	goto	l735
   270  007FD2  EFD8  F03F         	goto	l36
   271  007FD6                     l735:
   272                           
   273                           ; Switch size 1, requested type "simple"
   274                           ; Number of cases is 4, Range of values is 0 to 7
   275                           ; switch strategies available:
   276                           ; Name         Instructions Cycles
   277                           ; simple_byte           13     7 (average)
   278                           ;	Chosen strategy is simple_byte
   279  007FD6  5003               	movf	??_main^0,w,c
   280  007FD8  0A00               	xorlw	0	; case 0
   281  007FDA  B4D8               	btfsc	status,2,c
   282  007FDC  EFB8  F03F         	goto	l31
   283  007FE0  0A01               	xorlw	1	; case 1
   284  007FE2  B4D8               	btfsc	status,2,c
   285  007FE4  EFC0  F03F         	goto	l33
   286  007FE8  0A02               	xorlw	2	; case 3
   287  007FEA  B4D8               	btfsc	status,2,c
   288  007FEC  EFC8  F03F         	goto	l34
   289  007FF0  0A04               	xorlw	4	; case 7
   290  007FF2  B4D8               	btfsc	status,2,c
   291  007FF4  EFD0  F03F         	goto	l35
   292  007FF8  EFD8  F03F         	goto	l36
   293  007FFC  EF00  F000         	goto	start
   294  008000                     __end_of_main:
   295                           	callstack 0
   296                           
   297 ;; *************** function _config_OSC *****************
   298 ;; Defined at:
   299 ;;		line 73 in file "Tank_Control_main.c"
   300 ;; Parameters:    Size  Location     Type
   301 ;;		None
   302 ;; Auto vars:     Size  Location     Type
   303 ;;		None
   304 ;; Return value:  Size  Location     Type
   305 ;;                  1    wreg      void 
   306 ;; Registers used:
   307 ;;		wreg, status,2
   308 ;; Tracked objects:
   309 ;;		On entry : 0/0
   310 ;;		On exit  : 0/0
   311 ;;		Unchanged: 0/0
   312 ;; Data sizes:     COMRAM   BANK0   BANK1   BANK2   BANK3   BANK4   BANK5
   313 ;;      Params:         0       0       0       0       0       0       0
   314 ;;      Locals:         0       0       0       0       0       0       0
   315 ;;      Temps:          0       0       0       0       0       0       0
   316 ;;      Totals:         0       0       0       0       0       0       0
   317 ;;Total ram usage:        0 bytes
   318 ;; Hardware stack levels used: 1
   319 ;; This function calls:
   320 ;;		Nothing
   321 ;; This function is called by:
   322 ;;		_main
   323 ;; This function uses a non-reentrant model
   324 ;;
   325                           
   326                           	psect	text1
   327  007F38                     __ptext1:
   328                           	callstack 0
   329  007F38                     _config_OSC:
   330                           	callstack 30
   331  007F38                     
   332                           ;Tank_Control_main.c: 75:     OSCCON = 0X00;
   333  007F38  0E00               	movlw	0
   334  007F3A  6ED3               	movwf	211,c	;volatile
   335                           
   336                           ;Tank_Control_main.c: 76:     OSCTUNE = 0X00;
   337  007F3C  0E00               	movlw	0
   338  007F3E  6E9B               	movwf	155,c	;volatile
   339  007F40  0012               	return		;funcret
   340  007F42                     __end_of_config_OSC:
   341                           	callstack 0
   342                           
   343 ;; *************** function _config_IO *****************
   344 ;; Defined at:
   345 ;;		line 78 in file "Tank_Control_main.c"
   346 ;; Parameters:    Size  Location     Type
   347 ;;		None
   348 ;; Auto vars:     Size  Location     Type
   349 ;;		None
   350 ;; Return value:  Size  Location     Type
   351 ;;                  1    wreg      void 
   352 ;; Registers used:
   353 ;;		wreg, status,2
   354 ;; Tracked objects:
   355 ;;		On entry : 0/0
   356 ;;		On exit  : 0/0
   357 ;;		Unchanged: 0/0
   358 ;; Data sizes:     COMRAM   BANK0   BANK1   BANK2   BANK3   BANK4   BANK5
   359 ;;      Params:         0       0       0       0       0       0       0
   360 ;;      Locals:         0       0       0       0       0       0       0
   361 ;;      Temps:          0       0       0       0       0       0       0
   362 ;;      Totals:         0       0       0       0       0       0       0
   363 ;;Total ram usage:        0 bytes
   364 ;; Hardware stack levels used: 1
   365 ;; This function calls:
   366 ;;		Nothing
   367 ;; This function is called by:
   368 ;;		_main
   369 ;; This function uses a non-reentrant model
   370 ;;
   371                           
   372                           	psect	text2
   373  007F4C                     __ptext2:
   374                           	callstack 0
   375  007F4C                     _config_IO:
   376                           	callstack 30
   377  007F4C                     
   378                           ;Tank_Control_main.c: 80:     TRISB = 0X07;
   379  007F4C  0E07               	movlw	7
   380  007F4E  6E93               	movwf	147,c	;volatile
   381                           
   382                           ;Tank_Control_main.c: 81:     TRISC = 0X00;
   383  007F50  0E00               	movlw	0
   384  007F52  6E94               	movwf	148,c	;volatile
   385                           
   386                           ;Tank_Control_main.c: 82:     PORTC = 0X00;
   387  007F54  0E00               	movlw	0
   388  007F56  6E82               	movwf	130,c	;volatile
   389                           
   390                           ;Tank_Control_main.c: 83:     ADCON1 = 0X0F;
   391  007F58  0E0F               	movlw	15
   392  007F5A  6EC1               	movwf	193,c	;volatile
   393  007F5C  0012               	return		;funcret
   394  007F5E                     __end_of_config_IO:
   395                           	callstack 0
   396  0000                     
   397                           	psect	rparam
   398  0000                     
   399                           	psect	idloc
   400                           
   401                           ;Config register IDLOC0 @ 0x200000
   402                           ;	unspecified, using default values
   403  200000                     	org	2097152
   404  200000  FF                 	db	255
   405                           
   406                           ;Config register IDLOC1 @ 0x200001
   407                           ;	unspecified, using default values
   408  200001                     	org	2097153
   409  200001  FF                 	db	255
   410                           
   411                           ;Config register IDLOC2 @ 0x200002
   412                           ;	unspecified, using default values
   413  200002                     	org	2097154
   414  200002  FF                 	db	255
   415                           
   416                           ;Config register IDLOC3 @ 0x200003
   417                           ;	unspecified, using default values
   418  200003                     	org	2097155
   419  200003  FF                 	db	255
   420                           
   421                           ;Config register IDLOC4 @ 0x200004
   422                           ;	unspecified, using default values
   423  200004                     	org	2097156
   424  200004  FF                 	db	255
   425                           
   426                           ;Config register IDLOC5 @ 0x200005
   427                           ;	unspecified, using default values
   428  200005                     	org	2097157
   429  200005  FF                 	db	255
   430                           
   431                           ;Config register IDLOC6 @ 0x200006
   432                           ;	unspecified, using default values
   433  200006                     	org	2097158
   434  200006  FF                 	db	255
   435                           
   436                           ;Config register IDLOC7 @ 0x200007
   437                           ;	unspecified, using default values
   438  200007                     	org	2097159
   439  200007  FF                 	db	255
   440                           
   441                           	psect	config
   442                           
   443                           ; Padding undefined space
   444  300000                     	org	3145728
   445  300000  FF                 	db	255
   446                           
   447                           ;Config register CONFIG1H @ 0x300001
   448                           ;	Oscillator Selection bits
   449                           ;	OSC = HS, HS oscillator
   450                           ;	Fail-Safe Clock Monitor Enable bit
   451                           ;	FCMEN = OFF, Fail-Safe Clock Monitor disabled
   452                           ;	Internal/External Oscillator Switchover bit
   453                           ;	IESO = OFF, Oscillator Switchover mode disabled
   454  300001                     	org	3145729
   455  300001  02                 	db	2
   456                           
   457                           ;Config register CONFIG2L @ 0x300002
   458                           ;	Power-up Timer Enable bit
   459                           ;	PWRT = OFF, PWRT disabled
   460                           ;	Brown-out Reset Enable bits
   461                           ;	BOREN = SBORDIS, Brown-out Reset enabled in hardware only (SBOREN is disabled)
   462                           ;	Brown Out Reset Voltage bits
   463                           ;	BORV = 3, Minimum setting
   464  300002                     	org	3145730
   465  300002  1F                 	db	31
   466                           
   467                           ;Config register CONFIG2H @ 0x300003
   468                           ;	Watchdog Timer Enable bit
   469                           ;	WDT = OFF, WDT disabled (control is placed on the SWDTEN bit)
   470                           ;	Watchdog Timer Postscale Select bits
   471                           ;	WDTPS = 32768, 1:32768
   472  300003                     	org	3145731
   473  300003  1E                 	db	30
   474                           
   475                           ; Padding undefined space
   476  300004                     	org	3145732
   477  300004  FF                 	db	255
   478                           
   479                           ;Config register CONFIG3H @ 0x300005
   480                           ;	CCP2 MUX bit
   481                           ;	CCP2MX = PORTC, CCP2 input/output is multiplexed with RC1
   482                           ;	PORTB A/D Enable bit
   483                           ;	PBADEN = OFF, PORTB<4:0> pins are configured as digital I/O on Reset
   484                           ;	Low-Power Timer1 Oscillator Enable bit
   485                           ;	LPT1OSC = OFF, Timer1 configured for higher power operation
   486                           ;	MCLR Pin Enable bit
   487                           ;	MCLRE = ON, MCLR pin enabled; RE3 input pin disabled
   488  300005                     	org	3145733
   489  300005  81                 	db	129
   490                           
   491                           ;Config register CONFIG4L @ 0x300006
   492                           ;	Stack Full/Underflow Reset Enable bit
   493                           ;	STVREN = ON, Stack full/underflow will cause Reset
   494                           ;	Single-Supply ICSP Enable bit
   495                           ;	LVP = OFF, Single-Supply ICSP disabled
   496                           ;	Extended Instruction Set Enable bit
   497                           ;	XINST = OFF, Instruction set extension and Indexed Addressing mode disabled (Legacy mo
      +                          de)
   498                           ;	Background Debugger Enable bit
   499                           ;	DEBUG = 0x1, unprogrammed default
   500  300006                     	org	3145734
   501  300006  81                 	db	129
   502                           
   503                           ; Padding undefined space
   504  300007                     	org	3145735
   505  300007  FF                 	db	255
   506                           
   507                           ;Config register CONFIG5L @ 0x300008
   508                           ;	Code Protection bit
   509                           ;	CP0 = OFF, Block 0 (000800-001FFFh) not code-protected
   510                           ;	Code Protection bit
   511                           ;	CP1 = OFF, Block 1 (002000-003FFFh) not code-protected
   512                           ;	Code Protection bit
   513                           ;	CP2 = OFF, Block 2 (004000-005FFFh) not code-protected
   514                           ;	Code Protection bit
   515                           ;	CP3 = OFF, Block 3 (006000-007FFFh) not code-protected
   516  300008                     	org	3145736
   517  300008  0F                 	db	15
   518                           
   519                           ;Config register CONFIG5H @ 0x300009
   520                           ;	Boot Block Code Protection bit
   521                           ;	CPB = OFF, Boot block (000000-0007FFh) not code-protected
   522                           ;	Data EEPROM Code Protection bit
   523                           ;	CPD = OFF, Data EEPROM not code-protected
   524  300009                     	org	3145737
   525  300009  C0                 	db	192
   526                           
   527                           ;Config register CONFIG6L @ 0x30000A
   528                           ;	Write Protection bit
   529                           ;	WRT0 = OFF, Block 0 (000800-001FFFh) not write-protected
   530                           ;	Write Protection bit
   531                           ;	WRT1 = OFF, Block 1 (002000-003FFFh) not write-protected
   532                           ;	Write Protection bit
   533                           ;	WRT2 = OFF, Block 2 (004000-005FFFh) not write-protected
   534                           ;	Write Protection bit
   535                           ;	WRT3 = OFF, Block 3 (006000-007FFFh) not write-protected
   536  30000A                     	org	3145738
   537  30000A  0F                 	db	15
   538                           
   539                           ;Config register CONFIG6H @ 0x30000B
   540                           ;	Configuration Register Write Protection bit
   541                           ;	WRTC = OFF, Configuration registers (300000-3000FFh) not write-protected
   542                           ;	Boot Block Write Protection bit
   543                           ;	WRTB = OFF, Boot block (000000-0007FFh) not write-protected
   544                           ;	Data EEPROM Write Protection bit
   545                           ;	WRTD = OFF, Data EEPROM not write-protected
   546  30000B                     	org	3145739
   547  30000B  E0                 	db	224
   548                           
   549                           ;Config register CONFIG7L @ 0x30000C
   550                           ;	Table Read Protection bit
   551                           ;	EBTR0 = OFF, Block 0 (000800-001FFFh) not protected from table reads executed in other
      +                           blocks
   552                           ;	Table Read Protection bit
   553                           ;	EBTR1 = OFF, Block 1 (002000-003FFFh) not protected from table reads executed in other
      +                           blocks
   554                           ;	Table Read Protection bit
   555                           ;	EBTR2 = OFF, Block 2 (004000-005FFFh) not protected from table reads executed in other
      +                           blocks
   556                           ;	Table Read Protection bit
   557                           ;	EBTR3 = OFF, Block 3 (006000-007FFFh) not protected from table reads executed in other
      +                           blocks
   558  30000C                     	org	3145740
   559  30000C  0F                 	db	15
   560                           
   561                           ;Config register CONFIG7H @ 0x30000D
   562                           ;	Boot Block Table Read Protection bit
   563                           ;	EBTRB = OFF, Boot block (000000-0007FFh) not protected from table reads executed in ot
      +                          her blocks
   564  30000D                     	org	3145741
   565  30000D  40                 	db	64
   566                           tosu	equ	0xFFF
   567                           tosh	equ	0xFFE
   568                           tosl	equ	0xFFD
   569                           stkptr	equ	0xFFC
   570                           pclatu	equ	0xFFB
   571                           pclath	equ	0xFFA
   572                           pcl	equ	0xFF9
   573                           tblptru	equ	0xFF8
   574                           tblptrh	equ	0xFF7
   575                           tblptrl	equ	0xFF6
   576                           tablat	equ	0xFF5
   577                           prodh	equ	0xFF4
   578                           prodl	equ	0xFF3
   579                           indf0	equ	0xFEF
   580                           postinc0	equ	0xFEE
   581                           postdec0	equ	0xFED
   582                           preinc0	equ	0xFEC
   583                           plusw0	equ	0xFEB
   584                           fsr0h	equ	0xFEA
   585                           fsr0l	equ	0xFE9
   586                           wreg	equ	0xFE8
   587                           indf1	equ	0xFE7
   588                           postinc1	equ	0xFE6
   589                           postdec1	equ	0xFE5
   590                           preinc1	equ	0xFE4
   591                           plusw1	equ	0xFE3
   592                           fsr1h	equ	0xFE2
   593                           fsr1l	equ	0xFE1
   594                           bsr	equ	0xFE0
   595                           indf2	equ	0xFDF
   596                           postinc2	equ	0xFDE
   597                           postdec2	equ	0xFDD
   598                           preinc2	equ	0xFDC
   599                           plusw2	equ	0xFDB
   600                           fsr2h	equ	0xFDA
   601                           fsr2l	equ	0xFD9
   602                           status	equ	0xFD8

Data Sizes:
    Strings     0
    Constant    0
    Data        0
    BSS         0
    Persistent  2
    Stack       0

Auto Spaces:
    Space          Size  Autos    Used
    COMRAM          127      2       4
    BANK0           128      0       0
    BANK1           256      0       0
    BANK2           256      0       0
    BANK3           256      0       0
    BANK4           256      0       0
    BANK5           256      0       0

Pointer List with Targets:

    None.

Critical Paths under _main in COMRAM

    None.

Critical Paths under _main in BANK0

    None.

Critical Paths under _main in BANK1

    None.

Critical Paths under _main in BANK2

    None.

Critical Paths under _main in BANK3

    None.

Critical Paths under _main in BANK4

    None.

Critical Paths under _main in BANK5

    None.

Call Graph Tables:

 ---------------------------------------------------------------------------------
 (Depth) Function   	        Calls       Base Space   Used Autos Params    Refs
 ---------------------------------------------------------------------------------
 (0) _main                                                 2     2      0       0
                                              0 COMRAM     2     2      0
                          _config_IO
                         _config_OSC
 ---------------------------------------------------------------------------------
 (1) _config_OSC                                           0     0      0       0
 ---------------------------------------------------------------------------------
 (1) _config_IO                                            0     0      0       0
 ---------------------------------------------------------------------------------
 Estimated maximum stack depth 1
 ---------------------------------------------------------------------------------

 Call Graph Graphs:

 _main (ROOT)
   _config_IO
   _config_OSC

 Address spaces:
Name               Size   Autos  Total    Cost      Usage
BITCOMRAM           7F      0       0       0        0.0%
EEDATA             100      0       0       0        0.0%
NULL                 0      0       0       0        0.0%
CODE                 0      0       0       0        0.0%
COMRAM              7F      2       4       1        3.1%
STACK                0      0       0       2        0.0%
DATA                 0      0       4       3        0.0%
BITBANK0            80      0       0       4        0.0%
BANK0               80      0       0       5        0.0%
BITBANK1           100      0       0       6        0.0%
BANK1              100      0       0       7        0.0%
BITBANK2           100      0       0       8        0.0%
BANK2              100      0       0       9        0.0%
BITBANK3           100      0       0      10        0.0%
BANK3              100      0       0      11        0.0%
BITBANK4           100      0       0      12        0.0%
BANK4              100      0       0      13        0.0%
BANK5              100      0       0      14        0.0%
ABS                  0      0       4      15        0.0%
BITBANK5           100      0       0      16        0.0%
BIGRAM             5FF      0       0      17        0.0%
BITSFR               0      0       0     200        0.0%
SFR                  0      0       0     200        0.0%


Microchip Technology PIC18 Macro Assembler V2.32 build 20210201212658 
Symbol Table                                                                                   Mon Mar 21 21:44:31 2022

                     l21 7F40                       l31 7F70                       l24 7F5C  
                     l33 7F80                       l34 7F90                       l35 7FA0  
                     l36 7FB0                      l721 7F66                      l715 7F38  
                    l717 7F4C                      l725 7FC0                      l735 7FD6  
                    l719 7F5E                     _main 7F5E                     start 0000  
           ___param_bank 000000                    ?_main 0003                    _PORTB 000F81  
                  _PORTC 000F82                    _TRISB 000F93                    _TRISC 000F94  
                  status 000FD8          __initialization 7F42             __end_of_main 8000  
                 ??_main 0003            __activetblptr 000002                   _ADCON1 000FC1  
                 _OSCCON 000FD3                   isa$std 000001                   tblptru 000FF8  
             __accesstop 0080  __end_of__initialization 7F42            ___rparam_used 000001  
         __pcstackCOMRAM 0003       __size_of_config_IO 0012               __pnvCOMRAM 0001  
             _config_OSC 7F38                  _OSCTUNE 000F9B                  __Hparam 0000  
                __Lparam 0000        __end_of_config_IO 7F5E              _SensorValue 0001  
                __pcinit 7F42                  __ramtop 0600                  __ptext0 7F5E  
                __ptext1 7F38                  __ptext2 7F4C     end_of_initialization 7F42  
          __Lmediumconst 0000                _PORTCbits 000F82              ?_config_OSC 0003  
    start_initialization 7F42      __size_of_config_OSC 000A                _config_IO 7F4C  
             ?_config_IO 0003             ??_config_OSC 0003                 __Hrparam 0000  
               __Lrparam 0000       __end_of_config_OSC 7F42            __size_of_main 00A2  
               isa$xinst 000000              ??_config_IO 0003  
